Analysis & Synthesis report for rpn
Tue Jun 04 22:35:33 2019
Quartus II 64-Bit Version 13.1.0 Build 162 10/23/2013 SJ Web Edition


---------------------
; Table of Contents ;
---------------------
  1. Legal Notice
  2. Analysis & Synthesis Summary
  3. Analysis & Synthesis Settings
  4. Parallel Compilation
  5. Analysis & Synthesis Source Files Read
  6. Analysis & Synthesis Resource Usage Summary
  7. Analysis & Synthesis Resource Utilization by Entity
  8. Registers Removed During Synthesis
  9. General Register Statistics
 10. Inverted Register Statistics
 11. Multiplexer Restructuring Statistics (Restructuring Performed)
 12. Parameter Settings for User Entity Instance: Top-level Entity: |rpn
 13. Parameter Settings for User Entity Instance: debounce:debounce_operation_2
 14. Parameter Settings for User Entity Instance: debounce:debounce_operation_1
 15. Parameter Settings for User Entity Instance: debounce:debounce_operation_0
 16. Parameter Settings for User Entity Instance: debounce:\number_dbc_gen:0:number_dbc_X
 17. Parameter Settings for User Entity Instance: debounce:\number_dbc_gen:1:number_dbc_X
 18. Parameter Settings for User Entity Instance: debounce:\number_dbc_gen:2:number_dbc_X
 19. Parameter Settings for User Entity Instance: debounce:\number_dbc_gen:3:number_dbc_X
 20. Parameter Settings for Inferred Entity Instance: lpm_divide:Div0
 21. Parameter Settings for Inferred Entity Instance: lpm_mult:Mult0
 22. lpm_mult Parameter Settings by Entity Instance
 23. Elapsed Time Per Partition
 24. Analysis & Synthesis Messages



----------------
; Legal Notice ;
----------------
Copyright (C) 1991-2013 Altera Corporation
Your use of Altera Corporation's design tools, logic functions 
and other software and tools, and its AMPP partner logic 
functions, and any output files from any of the foregoing 
(including device programming or simulation files), and any 
associated documentation or information are expressly subject 
to the terms and conditions of the Altera Program License 
Subscription Agreement, Altera MegaCore Function License 
Agreement, or other applicable license agreement, including, 
without limitation, that your use is for the sole purpose of 
programming logic devices manufactured by Altera and sold by 
Altera or its authorized distributors.  Please refer to the 
applicable agreement for further details.



+---------------------------------------------------------------------------------+
; Analysis & Synthesis Summary                                                    ;
+------------------------------------+--------------------------------------------+
; Analysis & Synthesis Status        ; Successful - Tue Jun 04 22:35:33 2019      ;
; Quartus II 64-Bit Version          ; 13.1.0 Build 162 10/23/2013 SJ Web Edition ;
; Revision Name                      ; rpn                                        ;
; Top-level Entity Name              ; rpn                                        ;
; Family                             ; Cyclone III                                ;
; Total logic elements               ; 1,642                                      ;
;     Total combinational functions  ; 1,642                                      ;
;     Dedicated logic registers      ; 326                                        ;
; Total registers                    ; 326                                        ;
; Total pins                         ; 36                                         ;
; Total virtual pins                 ; 0                                          ;
; Total memory bits                  ; 0                                          ;
; Embedded Multiplier 9-bit elements ; 0                                          ;
; Total PLLs                         ; 0                                          ;
+------------------------------------+--------------------------------------------+


+----------------------------------------------------------------------------------------------------------------------+
; Analysis & Synthesis Settings                                                                                        ;
+----------------------------------------------------------------------------+--------------------+--------------------+
; Option                                                                     ; Setting            ; Default Value      ;
+----------------------------------------------------------------------------+--------------------+--------------------+
; Device                                                                     ; EP3C16F484C6       ;                    ;
; Top-level entity name                                                      ; rpn                ; rpn                ;
; Family name                                                                ; Cyclone III        ; Cyclone IV GX      ;
; Use smart compilation                                                      ; Off                ; Off                ;
; Enable parallel Assembler and TimeQuest Timing Analyzer during compilation ; On                 ; On                 ;
; Enable compact report table                                                ; Off                ; Off                ;
; Restructure Multiplexers                                                   ; Auto               ; Auto               ;
; Create Debugging Nodes for IP Cores                                        ; Off                ; Off                ;
; Preserve fewer node names                                                  ; On                 ; On                 ;
; Disable OpenCore Plus hardware evaluation                                  ; Off                ; Off                ;
; Verilog Version                                                            ; Verilog_2001       ; Verilog_2001       ;
; VHDL Version                                                               ; VHDL_1993          ; VHDL_1993          ;
; State Machine Processing                                                   ; Auto               ; Auto               ;
; Safe State Machine                                                         ; Off                ; Off                ;
; Extract Verilog State Machines                                             ; On                 ; On                 ;
; Extract VHDL State Machines                                                ; On                 ; On                 ;
; Ignore Verilog initial constructs                                          ; Off                ; Off                ;
; Iteration limit for constant Verilog loops                                 ; 5000               ; 5000               ;
; Iteration limit for non-constant Verilog loops                             ; 250                ; 250                ;
; Add Pass-Through Logic to Inferred RAMs                                    ; On                 ; On                 ;
; Infer RAMs from Raw Logic                                                  ; On                 ; On                 ;
; Parallel Synthesis                                                         ; On                 ; On                 ;
; DSP Block Balancing                                                        ; Auto               ; Auto               ;
; NOT Gate Push-Back                                                         ; On                 ; On                 ;
; Power-Up Don't Care                                                        ; On                 ; On                 ;
; Remove Redundant Logic Cells                                               ; Off                ; Off                ;
; Remove Duplicate Registers                                                 ; On                 ; On                 ;
; Ignore CARRY Buffers                                                       ; Off                ; Off                ;
; Ignore CASCADE Buffers                                                     ; Off                ; Off                ;
; Ignore GLOBAL Buffers                                                      ; Off                ; Off                ;
; Ignore ROW GLOBAL Buffers                                                  ; Off                ; Off                ;
; Ignore LCELL Buffers                                                       ; Off                ; Off                ;
; Ignore SOFT Buffers                                                        ; On                 ; On                 ;
; Limit AHDL Integers to 32 Bits                                             ; Off                ; Off                ;
; Optimization Technique                                                     ; Balanced           ; Balanced           ;
; Carry Chain Length                                                         ; 70                 ; 70                 ;
; Auto Carry Chains                                                          ; On                 ; On                 ;
; Auto Open-Drain Pins                                                       ; On                 ; On                 ;
; Perform WYSIWYG Primitive Resynthesis                                      ; Off                ; Off                ;
; Auto ROM Replacement                                                       ; On                 ; On                 ;
; Auto RAM Replacement                                                       ; On                 ; On                 ;
; Auto DSP Block Replacement                                                 ; On                 ; On                 ;
; Auto Shift Register Replacement                                            ; Auto               ; Auto               ;
; Allow Shift Register Merging across Hierarchies                            ; Auto               ; Auto               ;
; Auto Clock Enable Replacement                                              ; On                 ; On                 ;
; Strict RAM Replacement                                                     ; Off                ; Off                ;
; Allow Synchronous Control Signals                                          ; On                 ; On                 ;
; Force Use of Synchronous Clear Signals                                     ; Off                ; Off                ;
; Auto RAM Block Balancing                                                   ; On                 ; On                 ;
; Auto RAM to Logic Cell Conversion                                          ; Off                ; Off                ;
; Auto Resource Sharing                                                      ; Off                ; Off                ;
; Allow Any RAM Size For Recognition                                         ; Off                ; Off                ;
; Allow Any ROM Size For Recognition                                         ; Off                ; Off                ;
; Allow Any Shift Register Size For Recognition                              ; Off                ; Off                ;
; Use LogicLock Constraints during Resource Balancing                        ; On                 ; On                 ;
; Ignore translate_off and synthesis_off directives                          ; Off                ; Off                ;
; Timing-Driven Synthesis                                                    ; On                 ; On                 ;
; Report Parameter Settings                                                  ; On                 ; On                 ;
; Report Source Assignments                                                  ; On                 ; On                 ;
; Report Connectivity Checks                                                 ; On                 ; On                 ;
; Ignore Maximum Fan-Out Assignments                                         ; Off                ; Off                ;
; Synchronization Register Chain Length                                      ; 2                  ; 2                  ;
; PowerPlay Power Optimization                                               ; Normal compilation ; Normal compilation ;
; HDL message level                                                          ; Level2             ; Level2             ;
; Suppress Register Optimization Related Messages                            ; Off                ; Off                ;
; Number of Removed Registers Reported in Synthesis Report                   ; 5000               ; 5000               ;
; Number of Swept Nodes Reported in Synthesis Report                         ; 5000               ; 5000               ;
; Number of Inverted Registers Reported in Synthesis Report                  ; 100                ; 100                ;
; Clock MUX Protection                                                       ; On                 ; On                 ;
; Auto Gated Clock Conversion                                                ; Off                ; Off                ;
; Block Design Naming                                                        ; Auto               ; Auto               ;
; SDC constraint protection                                                  ; Off                ; Off                ;
; Synthesis Effort                                                           ; Auto               ; Auto               ;
; Shift Register Replacement - Allow Asynchronous Clear Signal               ; On                 ; On                 ;
; Pre-Mapping Resynthesis Optimization                                       ; Off                ; Off                ;
; Analysis & Synthesis Message Level                                         ; Medium             ; Medium             ;
; Disable Register Merging Across Hierarchies                                ; Auto               ; Auto               ;
; Resource Aware Inference For Block RAM                                     ; On                 ; On                 ;
; Synthesis Seed                                                             ; 1                  ; 1                  ;
+----------------------------------------------------------------------------+--------------------+--------------------+


Parallel compilation was disabled, but you have multiple processors available. Enable parallel compilation to reduce compilation time.
+-------------------------------------+
; Parallel Compilation                ;
+----------------------------+--------+
; Processors                 ; Number ;
+----------------------------+--------+
; Number detected on machine ; 16     ;
; Maximum allowed            ; 1      ;
+----------------------------+--------+


+------------------------------------------------------------------------------------------------------------------------------------------------------------------+
; Analysis & Synthesis Source Files Read                                                                                                                           ;
+----------------------------------+-----------------+------------------------------+--------------------------------------------------------------------+---------+
; File Name with User-Entered Path ; Used in Netlist ; File Type                    ; File Name with Absolute Path                                       ; Library ;
+----------------------------------+-----------------+------------------------------+--------------------------------------------------------------------+---------+
; rpn.vhd                          ; yes             ; User VHDL File               ; F:/UTFPR/8Periodo/LogRep/RPN_Calc_VHDL/rpn.vhd                     ;         ;
; debounce.vhd                     ; yes             ; User VHDL File               ; F:/UTFPR/8Periodo/LogRep/RPN_Calc_VHDL/debounce.vhd                ;         ;
; lpm_divide.tdf                   ; yes             ; Megafunction                 ; f:/altera/13.1/quartus/libraries/megafunctions/lpm_divide.tdf      ;         ;
; abs_divider.inc                  ; yes             ; Megafunction                 ; f:/altera/13.1/quartus/libraries/megafunctions/abs_divider.inc     ;         ;
; sign_div_unsign.inc              ; yes             ; Megafunction                 ; f:/altera/13.1/quartus/libraries/megafunctions/sign_div_unsign.inc ;         ;
; aglobal131.inc                   ; yes             ; Megafunction                 ; f:/altera/13.1/quartus/libraries/megafunctions/aglobal131.inc      ;         ;
; db/lpm_divide_01p.tdf            ; yes             ; Auto-Generated Megafunction  ; F:/UTFPR/8Periodo/LogRep/RPN_Calc_VHDL/db/lpm_divide_01p.tdf       ;         ;
; db/abs_divider_4dg.tdf           ; yes             ; Auto-Generated Megafunction  ; F:/UTFPR/8Periodo/LogRep/RPN_Calc_VHDL/db/abs_divider_4dg.tdf      ;         ;
; db/alt_u_div_t8f.tdf             ; yes             ; Auto-Generated Megafunction  ; F:/UTFPR/8Periodo/LogRep/RPN_Calc_VHDL/db/alt_u_div_t8f.tdf        ;         ;
; db/add_sub_unc.tdf               ; yes             ; Auto-Generated Megafunction  ; F:/UTFPR/8Periodo/LogRep/RPN_Calc_VHDL/db/add_sub_unc.tdf          ;         ;
; db/add_sub_vnc.tdf               ; yes             ; Auto-Generated Megafunction  ; F:/UTFPR/8Periodo/LogRep/RPN_Calc_VHDL/db/add_sub_vnc.tdf          ;         ;
; db/lpm_abs_9v9.tdf               ; yes             ; Auto-Generated Megafunction  ; F:/UTFPR/8Periodo/LogRep/RPN_Calc_VHDL/db/lpm_abs_9v9.tdf          ;         ;
; lpm_mult.tdf                     ; yes             ; Megafunction                 ; f:/altera/13.1/quartus/libraries/megafunctions/lpm_mult.tdf        ;         ;
; lpm_add_sub.inc                  ; yes             ; Megafunction                 ; f:/altera/13.1/quartus/libraries/megafunctions/lpm_add_sub.inc     ;         ;
; multcore.inc                     ; yes             ; Megafunction                 ; f:/altera/13.1/quartus/libraries/megafunctions/multcore.inc        ;         ;
; bypassff.inc                     ; yes             ; Megafunction                 ; f:/altera/13.1/quartus/libraries/megafunctions/bypassff.inc        ;         ;
; altshift.inc                     ; yes             ; Megafunction                 ; f:/altera/13.1/quartus/libraries/megafunctions/altshift.inc        ;         ;
; db/mult_70t.tdf                  ; yes             ; Auto-Generated Megafunction  ; F:/UTFPR/8Periodo/LogRep/RPN_Calc_VHDL/db/mult_70t.tdf             ;         ;
+----------------------------------+-----------------+------------------------------+--------------------------------------------------------------------+---------+


+---------------------------------------------------------+
; Analysis & Synthesis Resource Usage Summary             ;
+---------------------------------------------+-----------+
; Resource                                    ; Usage     ;
+---------------------------------------------+-----------+
; Estimated Total logic elements              ; 1,642     ;
;                                             ;           ;
; Total combinational functions               ; 1642      ;
; Logic element usage by number of LUT inputs ;           ;
;     -- 4 input functions                    ; 628       ;
;     -- 3 input functions                    ; 675       ;
;     -- <=2 input functions                  ; 339       ;
;                                             ;           ;
; Logic elements by mode                      ;           ;
;     -- normal mode                          ; 803       ;
;     -- arithmetic mode                      ; 839       ;
;                                             ;           ;
; Total registers                             ; 326       ;
;     -- Dedicated logic registers            ; 326       ;
;     -- I/O registers                        ; 0         ;
;                                             ;           ;
; I/O pins                                    ; 36        ;
; Embedded Multiplier 9-bit elements          ; 0         ;
; Maximum fan-out node                        ; clk~input ;
; Maximum fan-out                             ; 326       ;
; Total fan-out                               ; 6427      ;
; Average fan-out                             ; 3.15      ;
+---------------------------------------------+-----------+


+--------------------------------------------------------------------------------------------------------------------------------------------------------------------------------------------------------------------------------------------------------------------------------------------------+
; Analysis & Synthesis Resource Utilization by Entity                                                                                                                                                                                                                                              ;
+----------------------------------------------+-------------------+--------------+-------------+--------------+---------+-----------+------+--------------+------------------------------------------------------------------------------------------------------------------------+--------------+
; Compilation Hierarchy Node                   ; LC Combinationals ; LC Registers ; Memory Bits ; DSP Elements ; DSP 9x9 ; DSP 18x18 ; Pins ; Virtual Pins ; Full Hierarchy Name                                                                                                    ; Library Name ;
+----------------------------------------------+-------------------+--------------+-------------+--------------+---------+-----------+------+--------------+------------------------------------------------------------------------------------------------------------------------+--------------+
; |rpn                                         ; 1642 (190)        ; 326 (95)     ; 0           ; 0            ; 0       ; 0         ; 36   ; 0            ; |rpn                                                                                                                   ; work         ;
;    |debounce:\number_dbc_gen:0:number_dbc_X| ; 43 (43)           ; 33 (33)      ; 0           ; 0            ; 0       ; 0         ; 0    ; 0            ; |rpn|debounce:\number_dbc_gen:0:number_dbc_X                                                                           ; work         ;
;    |debounce:\number_dbc_gen:1:number_dbc_X| ; 43 (43)           ; 33 (33)      ; 0           ; 0            ; 0       ; 0         ; 0    ; 0            ; |rpn|debounce:\number_dbc_gen:1:number_dbc_X                                                                           ; work         ;
;    |debounce:\number_dbc_gen:2:number_dbc_X| ; 43 (43)           ; 33 (33)      ; 0           ; 0            ; 0       ; 0         ; 0    ; 0            ; |rpn|debounce:\number_dbc_gen:2:number_dbc_X                                                                           ; work         ;
;    |debounce:\number_dbc_gen:3:number_dbc_X| ; 43 (43)           ; 33 (33)      ; 0           ; 0            ; 0       ; 0         ; 0    ; 0            ; |rpn|debounce:\number_dbc_gen:3:number_dbc_X                                                                           ; work         ;
;    |debounce:debounce_operation_0|           ; 43 (43)           ; 33 (33)      ; 0           ; 0            ; 0       ; 0         ; 0    ; 0            ; |rpn|debounce:debounce_operation_0                                                                                     ; work         ;
;    |debounce:debounce_operation_1|           ; 43 (43)           ; 33 (33)      ; 0           ; 0            ; 0       ; 0         ; 0    ; 0            ; |rpn|debounce:debounce_operation_1                                                                                     ; work         ;
;    |debounce:debounce_operation_2|           ; 43 (43)           ; 33 (33)      ; 0           ; 0            ; 0       ; 0         ; 0    ; 0            ; |rpn|debounce:debounce_operation_2                                                                                     ; work         ;
;    |lpm_divide:Div0|                         ; 1137 (0)          ; 0 (0)        ; 0           ; 0            ; 0       ; 0         ; 0    ; 0            ; |rpn|lpm_divide:Div0                                                                                                   ; work         ;
;       |lpm_divide_01p:auto_generated|        ; 1137 (0)          ; 0 (0)        ; 0           ; 0            ; 0       ; 0         ; 0    ; 0            ; |rpn|lpm_divide:Div0|lpm_divide_01p:auto_generated                                                                     ; work         ;
;          |abs_divider_4dg:divider|           ; 1137 (10)         ; 0 (0)        ; 0           ; 0            ; 0       ; 0         ; 0    ; 0            ; |rpn|lpm_divide:Div0|lpm_divide_01p:auto_generated|abs_divider_4dg:divider                                             ; work         ;
;             |alt_u_div_t8f:divider|          ; 1086 (1085)       ; 0 (0)        ; 0           ; 0            ; 0       ; 0         ; 0    ; 0            ; |rpn|lpm_divide:Div0|lpm_divide_01p:auto_generated|abs_divider_4dg:divider|alt_u_div_t8f:divider                       ; work         ;
;                |add_sub_vnc:add_sub_1|       ; 1 (1)             ; 0 (0)        ; 0           ; 0            ; 0       ; 0         ; 0    ; 0            ; |rpn|lpm_divide:Div0|lpm_divide_01p:auto_generated|abs_divider_4dg:divider|alt_u_div_t8f:divider|add_sub_vnc:add_sub_1 ; work         ;
;             |lpm_abs_9v9:my_abs_den|         ; 33 (33)           ; 0 (0)        ; 0           ; 0            ; 0       ; 0         ; 0    ; 0            ; |rpn|lpm_divide:Div0|lpm_divide_01p:auto_generated|abs_divider_4dg:divider|lpm_abs_9v9:my_abs_den                      ; work         ;
;             |lpm_abs_9v9:my_abs_num|         ; 8 (8)             ; 0 (0)        ; 0           ; 0            ; 0       ; 0         ; 0    ; 0            ; |rpn|lpm_divide:Div0|lpm_divide_01p:auto_generated|abs_divider_4dg:divider|lpm_abs_9v9:my_abs_num                      ; work         ;
;    |lpm_mult:Mult0|                          ; 14 (0)            ; 0 (0)        ; 0           ; 0            ; 0       ; 0         ; 0    ; 0            ; |rpn|lpm_mult:Mult0                                                                                                    ; work         ;
;       |mult_70t:auto_generated|              ; 14 (14)           ; 0 (0)        ; 0           ; 0            ; 0       ; 0         ; 0    ; 0            ; |rpn|lpm_mult:Mult0|mult_70t:auto_generated                                                                            ; work         ;
+----------------------------------------------+-------------------+--------------+-------------+--------------+---------+-----------+------+--------------+------------------------------------------------------------------------------------------------------------------------+--------------+
Note: For table entries with two numbers listed, the numbers in parentheses indicate the number of resources of the given type used by the specific entity alone. The numbers listed outside of parentheses indicate the total resources of the given type used by the specific entity and all of its sub-entities in the hierarchy.


+----------------------------------------------------------------------------------+
; Registers Removed During Synthesis                                               ;
+-----------------------------------------+----------------------------------------+
; Register name                           ; Reason for Removal                     ;
+-----------------------------------------+----------------------------------------+
; reg[0][6]                               ; Merged with reg[0][5]                  ;
; reg[0][9]                               ; Merged with reg[0][5]                  ;
; reg[0][10]                              ; Merged with reg[0][5]                  ;
; reg[0][14]                              ; Merged with reg[0][5]                  ;
; reg[0][18]                              ; Merged with reg[0][5]                  ;
; reg[0][22]                              ; Merged with reg[0][5]                  ;
; reg[0][25]                              ; Merged with reg[0][5]                  ;
; reg[0][26]                              ; Merged with reg[0][5]                  ;
; reg[0][30]                              ; Merged with reg[0][5]                  ;
; reg[0][8]                               ; Merged with reg[0][5]                  ;
; reg[0][12]                              ; Merged with reg[0][5]                  ;
; reg[0][16]                              ; Merged with reg[0][5]                  ;
; reg[0][17]                              ; Merged with reg[0][5]                  ;
; reg[0][20]                              ; Merged with reg[0][5]                  ;
; reg[0][24]                              ; Merged with reg[0][5]                  ;
; reg[0][28]                              ; Merged with reg[0][5]                  ;
; reg[0][7]                               ; Merged with reg[0][5]                  ;
; reg[0][13]                              ; Merged with reg[0][11]                 ;
; reg[0][15]                              ; Merged with reg[0][11]                 ;
; reg[0][19]                              ; Merged with reg[0][11]                 ;
; reg[0][21]                              ; Merged with reg[0][11]                 ;
; reg[0][23]                              ; Merged with reg[0][11]                 ;
; reg[0][27]                              ; Merged with reg[0][11]                 ;
; reg[0][29]                              ; Merged with reg[0][11]                 ;
; reg[0][11]                              ; Merged with reg[0][5]                  ;
; reg[1][11]                              ; Merged with reg[1][10]                 ;
; reg[1][12]                              ; Merged with reg[1][10]                 ;
; reg[1][13]                              ; Merged with reg[1][10]                 ;
; reg[1][14]                              ; Merged with reg[1][10]                 ;
; reg[1][15]                              ; Merged with reg[1][10]                 ;
; reg[1][16]                              ; Merged with reg[1][10]                 ;
; reg[1][17]                              ; Merged with reg[1][10]                 ;
; reg[1][18]                              ; Merged with reg[1][10]                 ;
; reg[1][19]                              ; Merged with reg[1][10]                 ;
; reg[1][20]                              ; Merged with reg[1][10]                 ;
; reg[1][21]                              ; Merged with reg[1][10]                 ;
; reg[1][22]                              ; Merged with reg[1][10]                 ;
; reg[1][23]                              ; Merged with reg[1][10]                 ;
; reg[1][24]                              ; Merged with reg[1][10]                 ;
; reg[1][25]                              ; Merged with reg[1][10]                 ;
; reg[1][26]                              ; Merged with reg[1][10]                 ;
; reg[1][27]                              ; Merged with reg[1][10]                 ;
; reg[1][28]                              ; Merged with reg[1][10]                 ;
; reg[1][29]                              ; Merged with reg[1][10]                 ;
; reg[1][30]                              ; Merged with reg[1][10]                 ;
; reg[1][5]                               ; Merged with reg[1][10]                 ;
; reg[1][6]                               ; Merged with reg[1][10]                 ;
; reg[1][7]                               ; Merged with reg[1][10]                 ;
; reg[1][8]                               ; Merged with reg[1][10]                 ;
; reg[1][9]                               ; Merged with reg[1][10]                 ;
; reg[2][11]                              ; Merged with reg[2][10]                 ;
; reg[2][12]                              ; Merged with reg[2][10]                 ;
; reg[2][13]                              ; Merged with reg[2][10]                 ;
; reg[2][14]                              ; Merged with reg[2][10]                 ;
; reg[2][15]                              ; Merged with reg[2][10]                 ;
; reg[2][16]                              ; Merged with reg[2][10]                 ;
; reg[2][17]                              ; Merged with reg[2][10]                 ;
; reg[2][18]                              ; Merged with reg[2][10]                 ;
; reg[2][19]                              ; Merged with reg[2][10]                 ;
; reg[2][20]                              ; Merged with reg[2][10]                 ;
; reg[2][21]                              ; Merged with reg[2][10]                 ;
; reg[2][22]                              ; Merged with reg[2][10]                 ;
; reg[2][23]                              ; Merged with reg[2][10]                 ;
; reg[2][24]                              ; Merged with reg[2][10]                 ;
; reg[2][25]                              ; Merged with reg[2][10]                 ;
; reg[2][26]                              ; Merged with reg[2][10]                 ;
; reg[2][27]                              ; Merged with reg[2][10]                 ;
; reg[2][28]                              ; Merged with reg[2][10]                 ;
; reg[2][29]                              ; Merged with reg[2][10]                 ;
; reg[2][30]                              ; Merged with reg[2][10]                 ;
; reg[2][5]                               ; Merged with reg[2][10]                 ;
; reg[2][6]                               ; Merged with reg[2][10]                 ;
; reg[2][7]                               ; Merged with reg[2][10]                 ;
; reg[2][8]                               ; Merged with reg[2][10]                 ;
; reg[2][9]                               ; Merged with reg[2][10]                 ;
; reg[3][11]                              ; Merged with reg[3][10]                 ;
; reg[3][12]                              ; Merged with reg[3][10]                 ;
; reg[3][13]                              ; Merged with reg[3][10]                 ;
; reg[3][14]                              ; Merged with reg[3][10]                 ;
; reg[3][15]                              ; Merged with reg[3][10]                 ;
; reg[3][16]                              ; Merged with reg[3][10]                 ;
; reg[3][17]                              ; Merged with reg[3][10]                 ;
; reg[3][18]                              ; Merged with reg[3][10]                 ;
; reg[3][19]                              ; Merged with reg[3][10]                 ;
; reg[3][20]                              ; Merged with reg[3][10]                 ;
; reg[3][21]                              ; Merged with reg[3][10]                 ;
; reg[3][22]                              ; Merged with reg[3][10]                 ;
; reg[3][23]                              ; Merged with reg[3][10]                 ;
; reg[3][24]                              ; Merged with reg[3][10]                 ;
; reg[3][25]                              ; Merged with reg[3][10]                 ;
; reg[3][26]                              ; Merged with reg[3][10]                 ;
; reg[3][27]                              ; Merged with reg[3][10]                 ;
; reg[3][28]                              ; Merged with reg[3][10]                 ;
; reg[3][29]                              ; Merged with reg[3][10]                 ;
; reg[3][30]                              ; Merged with reg[3][10]                 ;
; reg[3][5]                               ; Merged with reg[3][10]                 ;
; reg[3][6]                               ; Merged with reg[3][10]                 ;
; reg[3][7]                               ; Merged with reg[3][10]                 ;
; reg[3][8]                               ; Merged with reg[3][10]                 ;
; reg[3][9]                               ; Merged with reg[3][10]                 ;
; reg[0][5]                               ; Stuck at GND due to stuck port data_in ;
; Total Number of Removed Registers = 101 ;                                        ;
+-----------------------------------------+----------------------------------------+


+------------------------------------------------------+
; General Register Statistics                          ;
+----------------------------------------------+-------+
; Statistic                                    ; Value ;
+----------------------------------------------+-------+
; Total registers                              ; 326   ;
; Number of registers using Synchronous Clear  ; 44    ;
; Number of registers using Synchronous Load   ; 3     ;
; Number of registers using Asynchronous Clear ; 224   ;
; Number of registers using Asynchronous Load  ; 0     ;
; Number of registers using Clock Enable       ; 310   ;
; Number of registers using Preset             ; 0     ;
+----------------------------------------------+-------+


+---------------------------------------------------+
; Inverted Register Statistics                      ;
+-----------------------------------------+---------+
; Inverted Register                       ; Fan out ;
+-----------------------------------------+---------+
; reg[0][0]                               ; 51      ;
; reg[0][31]                              ; 39      ;
; reg[1][0]                               ; 11      ;
; reg[1][31]                              ; 14      ;
; \regs:number_amount[31]                 ; 3       ;
; reg[2][0]                               ; 2       ;
; reg[2][31]                              ; 2       ;
; \opManager:opCounter[0]                 ; 2       ;
; \opManager:opCounter[31]                ; 2       ;
; \regs:number_amount[0]                  ; 1       ;
; reg[3][0]                               ; 1       ;
; reg[3][31]                              ; 1       ;
; Total number of inverted registers = 12 ;         ;
+-----------------------------------------+---------+


+---------------------------------------------------------------------------------------------------------------------------------------------+
; Multiplexer Restructuring Statistics (Restructuring Performed)                                                                              ;
+--------------------+-----------+---------------+----------------------+------------------------+------------+-------------------------------+
; Multiplexer Inputs ; Bus Width ; Baseline Area ; Area if Restructured ; Saving if Restructured ; Registered ; Example Multiplexer Output    ;
+--------------------+-----------+---------------+----------------------+------------------------+------------+-------------------------------+
; 4:1                ; 30 bits   ; 60 LEs        ; 30 LEs               ; 30 LEs                 ; Yes        ; |rpn|\opManager:opCounter[25] ;
; 4:1                ; 3 bits    ; 6 LEs         ; 6 LEs                ; 0 LEs                  ; Yes        ; |rpn|regsRst                  ;
; 5:1                ; 5 bits    ; 15 LEs        ; 5 LEs                ; 10 LEs                 ; Yes        ; |rpn|reg[3][1]                ;
; 5:1                ; 6 bits    ; 18 LEs        ; 12 LEs               ; 6 LEs                  ; Yes        ; |rpn|reg[2][1]                ;
; 6:1                ; 30 bits   ; 120 LEs       ; 60 LEs               ; 60 LEs                 ; Yes        ; |rpn|\regs:number_amount[30]  ;
; 4:1                ; 2 bits    ; 4 LEs         ; 2 LEs                ; 2 LEs                  ; Yes        ; |rpn|\opManager:opCounter[31] ;
; 5:1                ; 2 bits    ; 6 LEs         ; 2 LEs                ; 4 LEs                  ; Yes        ; |rpn|reg[3][31]               ;
; 5:1                ; 7 bits    ; 21 LEs        ; 14 LEs               ; 7 LEs                  ; Yes        ; |rpn|reg[1][31]               ;
; 6:1                ; 2 bits    ; 8 LEs         ; 4 LEs                ; 4 LEs                  ; Yes        ; |rpn|\regs:number_amount[31]  ;
; 9:1                ; 4 bits    ; 24 LEs        ; 16 LEs               ; 8 LEs                  ; Yes        ; |rpn|reg[0][0]                ;
; 16:1               ; 2 bits    ; 20 LEs        ; 16 LEs               ; 4 LEs                  ; No         ; |rpn|ssd_saida                ;
+--------------------+-----------+---------------+----------------------+------------------------+------------+-------------------------------+


+---------------------------------------------------------------------+
; Parameter Settings for User Entity Instance: Top-level Entity: |rpn ;
+-------------------+----------+--------------------------------------+
; Parameter Name    ; Value    ; Type                                 ;
+-------------------+----------+--------------------------------------+
; NUMDISPLAYS       ; 4        ; Signed Integer                       ;
; N_BITS_NUM        ; 4        ; Signed Integer                       ;
; NUM_MEMORY        ; 4        ; Signed Integer                       ;
; CMD_DEBOUNCE_T_MS ; 700      ; Signed Integer                       ;
; FCLK              ; 50000000 ; Signed Integer                       ;
+-------------------+----------+--------------------------------------+
Note: In order to hide this table in the UI and the text report file, please set the "Show Parameter Settings in Synthesis Report" option in "Analysis and Synthesis Settings -> More Settings" to "Off".


+----------------------------------------------------------------------------+
; Parameter Settings for User Entity Instance: debounce:debounce_operation_2 ;
+----------------+----------+------------------------------------------------+
; Parameter Name ; Value    ; Type                                           ;
+----------------+----------+------------------------------------------------+
; time_ms        ; 100      ; Signed Integer                                 ;
; freq_clk       ; 50000000 ; Signed Integer                                 ;
+----------------+----------+------------------------------------------------+
Note: In order to hide this table in the UI and the text report file, please set the "Show Parameter Settings in Synthesis Report" option in "Analysis and Synthesis Settings -> More Settings" to "Off".


+----------------------------------------------------------------------------+
; Parameter Settings for User Entity Instance: debounce:debounce_operation_1 ;
+----------------+----------+------------------------------------------------+
; Parameter Name ; Value    ; Type                                           ;
+----------------+----------+------------------------------------------------+
; time_ms        ; 100      ; Signed Integer                                 ;
; freq_clk       ; 50000000 ; Signed Integer                                 ;
+----------------+----------+------------------------------------------------+
Note: In order to hide this table in the UI and the text report file, please set the "Show Parameter Settings in Synthesis Report" option in "Analysis and Synthesis Settings -> More Settings" to "Off".


+----------------------------------------------------------------------------+
; Parameter Settings for User Entity Instance: debounce:debounce_operation_0 ;
+----------------+----------+------------------------------------------------+
; Parameter Name ; Value    ; Type                                           ;
+----------------+----------+------------------------------------------------+
; time_ms        ; 100      ; Signed Integer                                 ;
; freq_clk       ; 50000000 ; Signed Integer                                 ;
+----------------+----------+------------------------------------------------+
Note: In order to hide this table in the UI and the text report file, please set the "Show Parameter Settings in Synthesis Report" option in "Analysis and Synthesis Settings -> More Settings" to "Off".


+--------------------------------------------------------------------------------------+
; Parameter Settings for User Entity Instance: debounce:\number_dbc_gen:0:number_dbc_X ;
+----------------+----------+----------------------------------------------------------+
; Parameter Name ; Value    ; Type                                                     ;
+----------------+----------+----------------------------------------------------------+
; time_ms        ; 100      ; Signed Integer                                           ;
; freq_clk       ; 50000000 ; Signed Integer                                           ;
+----------------+----------+----------------------------------------------------------+
Note: In order to hide this table in the UI and the text report file, please set the "Show Parameter Settings in Synthesis Report" option in "Analysis and Synthesis Settings -> More Settings" to "Off".


+--------------------------------------------------------------------------------------+
; Parameter Settings for User Entity Instance: debounce:\number_dbc_gen:1:number_dbc_X ;
+----------------+----------+----------------------------------------------------------+
; Parameter Name ; Value    ; Type                                                     ;
+----------------+----------+----------------------------------------------------------+
; time_ms        ; 100      ; Signed Integer                                           ;
; freq_clk       ; 50000000 ; Signed Integer                                           ;
+----------------+----------+----------------------------------------------------------+
Note: In order to hide this table in the UI and the text report file, please set the "Show Parameter Settings in Synthesis Report" option in "Analysis and Synthesis Settings -> More Settings" to "Off".


+--------------------------------------------------------------------------------------+
; Parameter Settings for User Entity Instance: debounce:\number_dbc_gen:2:number_dbc_X ;
+----------------+----------+----------------------------------------------------------+
; Parameter Name ; Value    ; Type                                                     ;
+----------------+----------+----------------------------------------------------------+
; time_ms        ; 100      ; Signed Integer                                           ;
; freq_clk       ; 50000000 ; Signed Integer                                           ;
+----------------+----------+----------------------------------------------------------+
Note: In order to hide this table in the UI and the text report file, please set the "Show Parameter Settings in Synthesis Report" option in "Analysis and Synthesis Settings -> More Settings" to "Off".


+--------------------------------------------------------------------------------------+
; Parameter Settings for User Entity Instance: debounce:\number_dbc_gen:3:number_dbc_X ;
+----------------+----------+----------------------------------------------------------+
; Parameter Name ; Value    ; Type                                                     ;
+----------------+----------+----------------------------------------------------------+
; time_ms        ; 100      ; Signed Integer                                           ;
; freq_clk       ; 50000000 ; Signed Integer                                           ;
+----------------+----------+----------------------------------------------------------+
Note: In order to hide this table in the UI and the text report file, please set the "Show Parameter Settings in Synthesis Report" option in "Analysis and Synthesis Settings -> More Settings" to "Off".


+------------------------------------------------------------------+
; Parameter Settings for Inferred Entity Instance: lpm_divide:Div0 ;
+------------------------+----------------+------------------------+
; Parameter Name         ; Value          ; Type                   ;
+------------------------+----------------+------------------------+
; LPM_WIDTHN             ; 32             ; Untyped                ;
; LPM_WIDTHD             ; 32             ; Untyped                ;
; LPM_NREPRESENTATION    ; SIGNED         ; Untyped                ;
; LPM_DREPRESENTATION    ; SIGNED         ; Untyped                ;
; LPM_PIPELINE           ; 0              ; Untyped                ;
; LPM_REMAINDERPOSITIVE  ; FALSE          ; Untyped                ;
; MAXIMIZE_SPEED         ; 5              ; Untyped                ;
; CBXI_PARAMETER         ; lpm_divide_01p ; Untyped                ;
; CARRY_CHAIN            ; MANUAL         ; Untyped                ;
; OPTIMIZE_FOR_SPEED     ; 5              ; Untyped                ;
; AUTO_CARRY_CHAINS      ; ON             ; AUTO_CARRY             ;
; IGNORE_CARRY_BUFFERS   ; OFF            ; IGNORE_CARRY           ;
; AUTO_CASCADE_CHAINS    ; ON             ; AUTO_CASCADE           ;
; IGNORE_CASCADE_BUFFERS ; OFF            ; IGNORE_CASCADE         ;
+------------------------+----------------+------------------------+
Note: In order to hide this table in the UI and the text report file, please set the "Show Parameter Settings in Synthesis Report" option in "Analysis and Synthesis Settings -> More Settings" to "Off".


+------------------------------------------------------------------------------------+
; Parameter Settings for Inferred Entity Instance: lpm_mult:Mult0                    ;
+------------------------------------------------+-------------+---------------------+
; Parameter Name                                 ; Value       ; Type                ;
+------------------------------------------------+-------------+---------------------+
; AUTO_CARRY_CHAINS                              ; ON          ; AUTO_CARRY          ;
; IGNORE_CARRY_BUFFERS                           ; OFF         ; IGNORE_CARRY        ;
; AUTO_CASCADE_CHAINS                            ; ON          ; AUTO_CASCADE        ;
; IGNORE_CASCADE_BUFFERS                         ; OFF         ; IGNORE_CASCADE      ;
; LPM_WIDTHA                                     ; 4           ; Untyped             ;
; LPM_WIDTHB                                     ; 4           ; Untyped             ;
; LPM_WIDTHP                                     ; 8           ; Untyped             ;
; LPM_WIDTHR                                     ; 8           ; Untyped             ;
; LPM_WIDTHS                                     ; 1           ; Untyped             ;
; LPM_REPRESENTATION                             ; SIGNED      ; Untyped             ;
; LPM_PIPELINE                                   ; 0           ; Untyped             ;
; LATENCY                                        ; 0           ; Untyped             ;
; INPUT_A_IS_CONSTANT                            ; NO          ; Untyped             ;
; INPUT_B_IS_CONSTANT                            ; NO          ; Untyped             ;
; USE_EAB                                        ; OFF         ; Untyped             ;
; MAXIMIZE_SPEED                                 ; 5           ; Untyped             ;
; DEVICE_FAMILY                                  ; Cyclone III ; Untyped             ;
; CARRY_CHAIN                                    ; MANUAL      ; Untyped             ;
; APEX20K_TECHNOLOGY_MAPPER                      ; LUT         ; TECH_MAPPER_APEX20K ;
; DEDICATED_MULTIPLIER_CIRCUITRY                 ; AUTO        ; Untyped             ;
; DEDICATED_MULTIPLIER_MIN_INPUT_WIDTH_FOR_AUTO  ; 0           ; Untyped             ;
; DEDICATED_MULTIPLIER_MIN_OUTPUT_WIDTH_FOR_AUTO ; 0           ; Untyped             ;
; CBXI_PARAMETER                                 ; mult_70t    ; Untyped             ;
; INPUT_A_FIXED_VALUE                            ; Bx          ; Untyped             ;
; INPUT_B_FIXED_VALUE                            ; Bx          ; Untyped             ;
; USE_AHDL_IMPLEMENTATION                        ; OFF         ; Untyped             ;
+------------------------------------------------+-------------+---------------------+
Note: In order to hide this table in the UI and the text report file, please set the "Show Parameter Settings in Synthesis Report" option in "Analysis and Synthesis Settings -> More Settings" to "Off".


+--------------------------------------------------------+
; lpm_mult Parameter Settings by Entity Instance         ;
+---------------------------------------+----------------+
; Name                                  ; Value          ;
+---------------------------------------+----------------+
; Number of entity instances            ; 1              ;
; Entity Instance                       ; lpm_mult:Mult0 ;
;     -- LPM_WIDTHA                     ; 4              ;
;     -- LPM_WIDTHB                     ; 4              ;
;     -- LPM_WIDTHP                     ; 8              ;
;     -- LPM_REPRESENTATION             ; SIGNED         ;
;     -- INPUT_A_IS_CONSTANT            ; NO             ;
;     -- INPUT_B_IS_CONSTANT            ; NO             ;
;     -- USE_EAB                        ; OFF            ;
;     -- DEDICATED_MULTIPLIER_CIRCUITRY ; AUTO           ;
;     -- INPUT_A_FIXED_VALUE            ; Bx             ;
;     -- INPUT_B_FIXED_VALUE            ; Bx             ;
+---------------------------------------+----------------+


+-------------------------------+
; Elapsed Time Per Partition    ;
+----------------+--------------+
; Partition Name ; Elapsed Time ;
+----------------+--------------+
; Top            ; 00:00:02     ;
+----------------+--------------+


+-------------------------------+
; Analysis & Synthesis Messages ;
+-------------------------------+
Info: *******************************************************************
Info: Running Quartus II 64-Bit Analysis & Synthesis
    Info: Version 13.1.0 Build 162 10/23/2013 SJ Web Edition
    Info: Processing started: Tue Jun 04 22:35:29 2019
Info: Command: quartus_map --read_settings_files=on --write_settings_files=off rpn -c rpn
Warning (20028): Parallel compilation is not licensed and has been disabled
Info (12021): Found 2 design units, including 1 entities, in source file rpn.vhd
    Info (12022): Found design unit 1: rpn-arch
    Info (12023): Found entity 1: rpn
Info (12021): Found 2 design units, including 1 entities, in source file debounce.vhd
    Info (12022): Found design unit 1: debounce-arch
    Info (12023): Found entity 1: debounce
Info (12127): Elaborating entity "rpn" for the top level hierarchy
Warning (10639): VHDL warning at rpn.vhd(48): constant value overflow
Info (12128): Elaborating entity "debounce" for hierarchy "debounce:debounce_operation_2"
Info (278001): Inferred 2 megafunctions from design logic
    Info (278004): Inferred divider/modulo megafunction ("lpm_divide") from the following logic: "Div0"
    Info (278003): Inferred multiplier megafunction ("lpm_mult") from the following logic: "Mult0"
Info (12130): Elaborated megafunction instantiation "lpm_divide:Div0"
Info (12133): Instantiated megafunction "lpm_divide:Div0" with the following parameter:
    Info (12134): Parameter "LPM_WIDTHN" = "32"
    Info (12134): Parameter "LPM_WIDTHD" = "32"
    Info (12134): Parameter "LPM_NREPRESENTATION" = "SIGNED"
    Info (12134): Parameter "LPM_DREPRESENTATION" = "SIGNED"
    Info (12134): Parameter "LPM_HINT" = "LPM_REMAINDERPOSITIVE=FALSE"
Info (12021): Found 1 design units, including 1 entities, in source file db/lpm_divide_01p.tdf
    Info (12023): Found entity 1: lpm_divide_01p
Info (12021): Found 1 design units, including 1 entities, in source file db/abs_divider_4dg.tdf
    Info (12023): Found entity 1: abs_divider_4dg
Info (12021): Found 1 design units, including 1 entities, in source file db/alt_u_div_t8f.tdf
    Info (12023): Found entity 1: alt_u_div_t8f
Info (12021): Found 1 design units, including 1 entities, in source file db/add_sub_unc.tdf
    Info (12023): Found entity 1: add_sub_unc
Info (12021): Found 1 design units, including 1 entities, in source file db/add_sub_vnc.tdf
    Info (12023): Found entity 1: add_sub_vnc
Info (12021): Found 1 design units, including 1 entities, in source file db/lpm_abs_9v9.tdf
    Info (12023): Found entity 1: lpm_abs_9v9
Info (12130): Elaborated megafunction instantiation "lpm_mult:Mult0"
Info (12133): Instantiated megafunction "lpm_mult:Mult0" with the following parameter:
    Info (12134): Parameter "LPM_WIDTHA" = "4"
    Info (12134): Parameter "LPM_WIDTHB" = "4"
    Info (12134): Parameter "LPM_WIDTHP" = "8"
    Info (12134): Parameter "LPM_WIDTHR" = "8"
    Info (12134): Parameter "LPM_WIDTHS" = "1"
    Info (12134): Parameter "LPM_REPRESENTATION" = "SIGNED"
    Info (12134): Parameter "INPUT_A_IS_CONSTANT" = "NO"
    Info (12134): Parameter "INPUT_B_IS_CONSTANT" = "NO"
    Info (12134): Parameter "MAXIMIZE_SPEED" = "5"
Info (12021): Found 1 design units, including 1 entities, in source file db/mult_70t.tdf
    Info (12023): Found entity 1: mult_70t
Warning (14284): Synthesized away the following node(s):
    Warning (14285): Synthesized away the following LCELL buffer node(s):
        Warning (14320): Synthesized away node "lpm_mult:Mult0|mult_70t:auto_generated|le2a[4]"
        Warning (14320): Synthesized away node "lpm_mult:Mult0|mult_70t:auto_generated|le2a[3]"
        Warning (14320): Synthesized away node "lpm_mult:Mult0|mult_70t:auto_generated|le2a[2]"
        Warning (14320): Synthesized away node "lpm_mult:Mult0|mult_70t:auto_generated|le4a[4]"
        Warning (14320): Synthesized away node "lpm_mult:Mult0|mult_70t:auto_generated|le4a[3]"
        Warning (14320): Synthesized away node "lpm_mult:Mult0|mult_70t:auto_generated|le4a[2]"
Warning (14284): Synthesized away the following node(s):
    Warning (14285): Synthesized away the following LCELL buffer node(s):
        Warning (14320): Synthesized away node "lpm_mult:Mult0|mult_70t:auto_generated|le5a[4]"
Info (13014): Ignored 54 buffer(s)
    Info (13016): Ignored 38 CARRY_SUM buffer(s)
    Info (13019): Ignored 16 SOFT buffer(s)
Warning (13024): Output pins are stuck at VCC or GND
    Warning (13410): Pin "ssd_saida[8]" is stuck at GND
    Warning (13410): Pin "ssd_saida[9]" is stuck at GND
    Warning (13410): Pin "ssd_saida[13]" is stuck at VCC
    Warning (13410): Pin "ssd_saida[14]" is stuck at GND
    Warning (13410): Pin "ssd_saida[15]" is stuck at GND
    Warning (13410): Pin "ssd_saida[16]" is stuck at GND
    Warning (13410): Pin "ssd_saida[17]" is stuck at GND
    Warning (13410): Pin "ssd_saida[18]" is stuck at GND
    Warning (13410): Pin "ssd_saida[19]" is stuck at GND
    Warning (13410): Pin "ssd_saida[20]" is stuck at VCC
    Warning (13410): Pin "ssd_saida[21]" is stuck at GND
    Warning (13410): Pin "ssd_saida[22]" is stuck at GND
    Warning (13410): Pin "ssd_saida[23]" is stuck at GND
    Warning (13410): Pin "ssd_saida[24]" is stuck at GND
    Warning (13410): Pin "ssd_saida[25]" is stuck at GND
    Warning (13410): Pin "ssd_saida[26]" is stuck at GND
    Warning (13410): Pin "ssd_saida[27]" is stuck at VCC
Info (286030): Timing-Driven Synthesis is running
Info (16010): Generating hard_block partition "hard_block:auto_generated_inst"
    Info (16011): Adding 0 node(s), including 0 DDIO, 0 PLL, 0 transceiver and 0 LCELL
Info (21057): Implemented 1679 device resources after synthesis - the final resource count might be different
    Info (21058): Implemented 8 input pins
    Info (21059): Implemented 28 output pins
    Info (21061): Implemented 1643 logic cells
Info: Quartus II 64-Bit Analysis & Synthesis was successful. 0 errors, 31 warnings
    Info: Peak virtual memory: 4711 megabytes
    Info: Processing ended: Tue Jun 04 22:35:34 2019
    Info: Elapsed time: 00:00:05
    Info: Total CPU time (on all processors): 00:00:04


